Added Component: Designator=D1(RGB_LED_5050)
Add component (AddParameter): Name = "PackageReference"; Value = "RGB_LED_5050"; VariantName = "[No Variations]"
Add component (AddParameter): Name = "Published"; Value = "8-August-2017"; VariantName = "[No Variations]"
Add component (AddParameter): Name = "Publisher"; Value = "mazhongwei"; VariantName = "[No Variations]"
Added Component: Designator=D2(RGB_LED_5050)
Add component (AddParameter): Name = "PackageReference"; Value = "RGB_LED_5050"; VariantName = "[No Variations]"
Add component (AddParameter): Name = "Published"; Value = "8-August-2017"; VariantName = "[No Variations]"
Add component (AddParameter): Name = "Publisher"; Value = "mazhongwei"; VariantName = "[No Variations]"
Added Component: Designator=D3(SOD-323)
Add component (AddParameter): Name = "BOM名称"; Value = "肖特基二极管"; VariantName = "[No Variations]"
Add component (AddParameter): Name = "属性"; Value = "40V/2A"; VariantName = "[No Variations]"
Add component (AddParameter): Name = "欢迎光临"; Value = "https://shop463601444.taobao.com"; VariantName = "[No Variations]"
Add component (AddParameter): Name = "淘宝ID"; Value = "封装库来自淘宝 ID：黄晶宝石"; VariantName = "[No Variations]"
Added Component: Designator=D4(RGB_LED_5050)
Add component (AddParameter): Name = "PackageReference"; Value = "RGB_LED_5050"; VariantName = "[No Variations]"
Add component (AddParameter): Name = "Published"; Value = "8-August-2017"; VariantName = "[No Variations]"
Add component (AddParameter): Name = "Publisher"; Value = "mazhongwei"; VariantName = "[No Variations]"
Added Component: Designator=D5(RGB_LED_5050)
Add component (AddParameter): Name = "PackageReference"; Value = "RGB_LED_5050"; VariantName = "[No Variations]"
Add component (AddParameter): Name = "Published"; Value = "8-August-2017"; VariantName = "[No Variations]"
Add component (AddParameter): Name = "Publisher"; Value = "mazhongwei"; VariantName = "[No Variations]"
Added Component: Designator=D6(SOD-323)
Add component (AddParameter): Name = "BOM名称"; Value = "肖特基二极管"; VariantName = "[No Variations]"
Add component (AddParameter): Name = "属性"; Value = "40V/2A"; VariantName = "[No Variations]"
Add component (AddParameter): Name = "欢迎光临"; Value = "https://shop463601444.taobao.com"; VariantName = "[No Variations]"
Add component (AddParameter): Name = "淘宝ID"; Value = "封装库来自淘宝 ID：黄晶宝石"; VariantName = "[No Variations]"
Added Component: Designator=IC1(SOT23-6N)
Add component (AddParameter): Name = "BOM名称"; Value = "可调升压芯片"; VariantName = "[No Variations]"
Add component (AddParameter): Name = "学习资源"; Value = "www.ooocke.com"; VariantName = "[No Variations]"
Add component (AddParameter): Name = "版权归属"; Value = "封装库来自淘宝 ID：黄晶宝石"; VariantName = "[No Variations]"
Added Component: Designator=JP1(XH2.54-WI-8P)
Add component (AddParameter): Name = "BOM名称"; Value = "8P接插件"; VariantName = "[No Variations]"
Add component (AddParameter): Name = "学习资源"; Value = "https://shop463601444.taobao.com"; VariantName = "[No Variations]"
Add component (AddParameter): Name = "版权归属"; Value = "封装库来自淘宝 ID：黄晶宝石"; VariantName = "[No Variations]"
Added Component: Designator=JP2(HDR1.27-LI-8P)
Add component (AddParameter): Name = "封装库来自淘宝卖家 ID：黄晶宝石"; Value = "https://shop463601444.taobao.com"; VariantName = "[No Variations]"
Added Component: Designator=V1(SOT223_L)
Add component (AddParameter): Name = "BOM名称"; Value = "稳压芯片"; VariantName = "[No Variations]"
Add component (AddParameter): Name = "欢迎光临淘宝店铺"; Value = "https://shop463601444.taobao.com"; VariantName = "[No Variations]"
Add component (AddParameter): Name = "淘宝ID"; Value = "封装库来自淘宝 ID：黄晶宝石"; VariantName = "[No Variations]"
Added Pin To Net: NetName=3V3 Pin=JP1-1
Added Pin To Net: NetName=3V3 Pin=JP2-1
Added Pin To Net: NetName=3V3 Pin=V1-2
Added Net: Name=3V3
Added Pin To Net: NetName=5V Pin=D1-3
Added Pin To Net: NetName=5V Pin=D2-3
Added Pin To Net: NetName=5V Pin=D4-3
Added Pin To Net: NetName=5V Pin=D5-3
Added Pin To Net: NetName=5V Pin=D6-1
Added Net: Name=5V
Added Net: Name=BOOT0
Added Pin To Net: NetName=GND Pin=D1-1
Added Pin To Net: NetName=GND Pin=D2-1
Added Pin To Net: NetName=GND Pin=D4-1
Added Pin To Net: NetName=GND Pin=D5-1
Added Pin To Net: NetName=GND Pin=IC1-2
Added Pin To Net: NetName=GND Pin=JP1-2
Added Pin To Net: NetName=GND Pin=JP1-7
Added Pin To Net: NetName=GND Pin=JP2-8
Added Pin To Net: NetName=GND Pin=V1-1
Added Net: Name=GND
Added Pin To Net: NetName=INT Pin=JP1-8
Added Net: Name=INT
Added Net: Name=NetBAT1_1
Added Net: Name=NetBOOT1_2
Added Pin To Net: NetName=NetC2_1 Pin=D3-2
Added Net: Name=NetC2_1
Added Pin To Net: NetName=NetC8_2 Pin=D6-2
Added Pin To Net: NetName=NetC8_2 Pin=V1-3
Added Net: Name=NetC8_2
Added Net: Name=NetC12_1
Added Net: Name=NetC13_1
Added Net: Name=NetC17_1
Added Net: Name=NetC18_1
Added Net: Name=NetC23_2
Added Pin To Net: NetName=NetD1_4 Pin=D1-4
Added Pin To Net: NetName=NetD1_4 Pin=D2-2
Added Net: Name=NetD1_4
Added Pin To Net: NetName=NetD2_4 Pin=D2-4
Added Pin To Net: NetName=NetD2_4 Pin=D4-2
Added Net: Name=NetD2_4
Added Pin To Net: NetName=NetD3_1 Pin=D3-1
Added Pin To Net: NetName=NetD3_1 Pin=IC1-1
Added Net: Name=NetD3_1
Added Pin To Net: NetName=NetD4_4 Pin=D4-4
Added Pin To Net: NetName=NetD4_4 Pin=D5-2
Added Net: Name=NetD4_4
Added Net: Name=NetD7_1
Added Net: Name=NetD8_1
Added Pin To Net: NetName=NetIC1_3 Pin=IC1-3
Added Net: Name=NetIC1_3
Added Net: Name=NetQ1_1
Added Net: Name=NetQ2_1
Added Net: Name=NetQ3_1
Added Net: Name=NetQ4_1
Added Net: Name=NetU1_5
Added Net: Name=NetU1_6
Added Net: Name=nRST
Added Net: Name=PA2
Added Net: Name=PA3
Added Net: Name=PA4
Added Net: Name=PA5
Added Net: Name=PA9
Added Net: Name=PA10
Added Net: Name=PA11
Added Net: Name=PA12
Added Net: Name=PB10
Added Net: Name=PB11
Added Net: Name=PC13
Added Net: Name=PC14
Added Net: Name=PWM1
Added Net: Name=PWM2
Added Net: Name=PWM3
Added Net: Name=PWM4
Added Pin To Net: NetName=RF_CE Pin=JP2-2
Added Net: Name=RF_CE
Added Pin To Net: NetName=RF_CSN Pin=JP2-3
Added Net: Name=RF_CSN
Added Pin To Net: NetName=RF_IRQ Pin=JP2-7
Added Net: Name=RF_IRQ
Added Pin To Net: NetName=RF_MISO Pin=JP2-6
Added Net: Name=RF_MISO
Added Pin To Net: NetName=RF_MOSI Pin=JP2-5
Added Net: Name=RF_MOSI
Added Pin To Net: NetName=RF_SCK Pin=JP2-4
Added Net: Name=RF_SCK
Added Pin To Net: NetName=RGBLED Pin=D1-2
Added Net: Name=RGBLED
Added Pin To Net: NetName=SCL Pin=JP1-3
Added Net: Name=SCL
Added Pin To Net: NetName=SDA Pin=JP1-4
Added Net: Name=SDA
Added Net: Name=SWCLK
Added Net: Name=SWDIO
Added Net: Name=USERLED
Added Net: Name=VBAT_T
Added Pin To Net: NetName=VBAT Pin=IC1-4
Added Pin To Net: NetName=VBAT Pin=IC1-5
Added Net: Name=VBAT
Added Class: Name=小四轴
Added Room: Name=小四轴
