Removed Pin From Net: NetName=GND Pin=BAT1-2
Removed Pin From Net: NetName=GND Pin=C1-1
Removed Pin From Net: NetName=GND Pin=C2-2
Removed Pin From Net: NetName=GND Pin=C8-1
Removed Pin From Net: NetName=GND Pin=C9-1
Removed Pin From Net: NetName=GND Pin=C10-1
Removed Pin From Net: NetName=GND Pin=C11-1
Removed Pin From Net: NetName=GND Pin=IC1-2
Removed Pin From Net: NetName=GND Pin=Q1-2
Removed Pin From Net: NetName=GND Pin=Q2-2
Removed Pin From Net: NetName=GND Pin=Q3-2
Removed Pin From Net: NetName=GND Pin=Q4-2
Removed Pin From Net: NetName=GND Pin=R1-2
Removed Pin From Net: NetName=GND Pin=R10-1
Removed Pin From Net: NetName=GND Pin=R11-1
Removed Pin From Net: NetName=GND Pin=R15-1
Removed Pin From Net: NetName=GND Pin=R16-1
Removed Pin From Net: NetName=GND Pin=V1-1
Removed Pin From Net: NetName=3V3 Pin=V1-4
Change Component Designator: OldDesignator=MPUI6050 NewDesignator=MPU6050
Added Pin To Net: NetName=GGND Pin=BAT1-2
Added Pin To Net: NetName=GGND Pin=C1-1
Added Pin To Net: NetName=GGND Pin=C2-2
Added Pin To Net: NetName=GGND Pin=C8-1
Added Pin To Net: NetName=GGND Pin=C9-1
Added Pin To Net: NetName=GGND Pin=C10-1
Added Pin To Net: NetName=GGND Pin=C11-1
Added Pin To Net: NetName=GGND Pin=IC1-2
Added Pin To Net: NetName=GGND Pin=Q1-2
Added Pin To Net: NetName=GGND Pin=Q2-2
Added Pin To Net: NetName=GGND Pin=Q3-2
Added Pin To Net: NetName=GGND Pin=Q4-2
Added Pin To Net: NetName=GGND Pin=R1-2
Added Pin To Net: NetName=GGND Pin=R10-1
Added Pin To Net: NetName=GGND Pin=R11-1
Added Pin To Net: NetName=GGND Pin=R15-1
Added Pin To Net: NetName=GGND Pin=R16-1
Added Pin To Net: NetName=GGND Pin=V1-1
Added Net: Name=GGND
Added Member To Class: ClassName=–°Àƒ÷· Member=Component NRF24L01 HDR-1X8
